<?xml version="1.0" encoding="UTF-8"?>
<!-- Generated by org.testng.reporters.JUnitReportReporter -->
<testsuite hostname="DESKTOP-C30L5ID" failures="0" tests="1" name="testcasesPkg.HomePageTest" time="41.256" errors="0" timestamp="2020-11-18T17:02:55 PST" skipped="0">
  <testcase classname="testcasesPkg.HomePageTest" name="patientRegistrationLinkTest" time="41.256"/>
  <system-out/>
</testsuite> <!-- testcasesPkg.HomePageTest -->
