<?xml version="1.0" encoding="UTF-8"?>
<!-- Generated by org.testng.reporters.JUnitReportReporter -->
<testsuite hostname="DESKTOP-C30L5ID" failures="0" tests="1" name="testcasesPkg.LoginPageTest" time="65.439" errors="0" timestamp="2020-12-10T20:06:34 PST" skipped="0">
  <testcase classname="testcasesPkg.LoginPageTest" name="loginTest" time="65.439"/>
  <system-out/>
</testsuite> <!-- testcasesPkg.LoginPageTest -->
